/sw/apps/bioinfo/quast/5.0.2/snowy/bin/quast.py -o /home/girishp/genome_analysis/analyses/quast_results/canu_quast /home/girishp/genome_analysis/analyses/pacbio_assembly/SRR6058604_scaffold_10.contigs.fasta

Version: 5.0.2

System information:
  OS: Linux-3.10.0-1160.62.1.el7.x86_64-x86_64-with-centos-7.9.2009-Core (linux_64)
  Python version: 3.7.2
  CPUs number: 16

Started: 2022-05-19 22:15:31

Logging to /home/girishp/genome_analysis/analyses/quast_results/canu_quast/quast.log
NOTICE: Maximum number of threads is set to 4 (use --threads option to set it manually)

CWD: /domus/h1/girishp/genome_analysis/code
Main parameters: 
  MODE: default, threads: 4, minimum contig length: 500, minimum alignment length: 65, \
  ambiguity: one, threshold for extensive misassembly size: 1000

Contigs:
  Pre-processing...
  /home/girishp/genome_analysis/analyses/pacbio_assembly/SRR6058604_scaffold_10.contigs.fasta ==> SRR6058604_scaffold_10.contigs

2022-05-19 22:15:34
Running Basic statistics processor...
  Contig files: 
    SRR6058604_scaffold_10.contigs
  Calculating N50 and L50...
    SRR6058604_scaffold_10.contigs, N50 = 349056, L50 = 15, Total length = 28159324, GC % = 31.63, # N's per 100 kbp =  0.00
  Drawing Nx plot...
    saved to /home/girishp/genome_analysis/analyses/quast_results/canu_quast/basic_stats/Nx_plot.pdf
  Drawing cumulative plot...
    saved to /home/girishp/genome_analysis/analyses/quast_results/canu_quast/basic_stats/cumulative_plot.pdf
  Drawing GC content plot...
    saved to /home/girishp/genome_analysis/analyses/quast_results/canu_quast/basic_stats/GC_content_plot.pdf
  Drawing SRR6058604_scaffold_10.contigs GC content plot...
    saved to /home/girishp/genome_analysis/analyses/quast_results/canu_quast/basic_stats/SRR6058604_scaffold_10.contigs_GC_content_plot.pdf
Done.

NOTICE: Genes are not predicted by default. Use --gene-finding or --glimmer option to enable it.

2022-05-19 22:15:37
Creating large visual summaries...
This may take a while: press Ctrl-C to skip this step..
  1 of 2: Creating Icarus viewers...
  2 of 2: Creating PDF with all tables and plots...
Done

2022-05-19 22:15:38
RESULTS:
  Text versions of total report are saved to /home/girishp/genome_analysis/analyses/quast_results/canu_quast/report.txt, report.tsv, and report.tex
  Text versions of transposed total report are saved to /home/girishp/genome_analysis/analyses/quast_results/canu_quast/transposed_report.txt, transposed_report.tsv, and transposed_report.tex
  HTML version (interactive tables and plots) is saved to /home/girishp/genome_analysis/analyses/quast_results/canu_quast/report.html
  PDF version (tables and plots) is saved to /home/girishp/genome_analysis/analyses/quast_results/canu_quast/report.pdf
  Icarus (contig browser) is saved to /home/girishp/genome_analysis/analyses/quast_results/canu_quast/icarus.html
  Log is saved to /home/girishp/genome_analysis/analyses/quast_results/canu_quast/quast.log

Finished: 2022-05-19 22:15:38
Elapsed time: 0:00:06.529291
NOTICEs: 2; WARNINGs: 0; non-fatal ERRORs: 0

Thank you for using QUAST!
