	STAR --runThreadN 8 --twopassMode Basic --genomeDir /home/girishp/genome_analysis/analyses/star/genome --readFilesIn /home/girishp/genome_analysis/data/transcriptome/trimmed/SRR6040097_scaffold_10.1.fastq.gz /home/girishp/genome_analysis/data/transcriptome/trimmed/SRR6040097_scaffold_10.2.fastq.gz --readFilesCommand zcat --outFileNamePrefix /home/girishp/genome_analysis/analyses/star_out/SRR6040097_STAR_ " "
	STAR version: 2.7.9a   compiled: 2021-10-20T18:01:41+0200 rackham5.uppmax.uu.se:/sw/bioinfo/star/2.7.9a/src/STAR-2.7.9a/source
May 19 13:02:18 ..... started STAR run
May 19 13:02:18 ..... loading genome
May 19 13:02:35 ..... started 1st pass mapping
May 19 13:02:59 ..... finished 1st pass mapping
May 19 13:02:59 ..... inserting junctions into the genome indices
May 19 13:03:11 ..... started mapping
May 19 13:03:35 ..... finished mapping
May 19 13:03:35 ..... finished successfully
/var/spool/slurmd/job6222449/slurm_script: line 20: --outSAMtype: command not found
	STAR --runThreadN 8 --twopassMode Basic --genomeDir /home/girishp/genome_analysis/analyses/star/genome --readFilesIn /home/girishp/genome_analysis/data/transcriptome/trimmed/SRR6156066_scaffold_10.1.fastq.gz /home/girishp/genome_analysis/data/transcriptome/trimmed/SRR6156066_scaffold_10.2.fastq.gz --readFilesCommand zcat --outFileNamePrefix /home/girishp/genome_analysis/analyses/star_out/SRR6156066_STAR_ " "
	STAR version: 2.7.9a   compiled: 2021-10-20T18:01:41+0200 rackham5.uppmax.uu.se:/sw/bioinfo/star/2.7.9a/src/STAR-2.7.9a/source
May 19 13:03:39 ..... started STAR run
May 19 13:03:40 ..... loading genome
May 19 13:03:41 ..... started 1st pass mapping
May 19 13:04:21 ..... finished 1st pass mapping
May 19 13:04:21 ..... inserting junctions into the genome indices
May 19 13:04:33 ..... started mapping
May 19 13:05:48 ..... finished mapping
May 19 13:05:48 ..... finished successfully
/var/spool/slurmd/job6222449/slurm_script: line 28: --outSAMtype: command not found
	STAR --runThreadN 8 --twopassMode Basic --genomeDir /home/girishp/genome_analysis/analyses/star/genome --readFilesIn /home/girishp/genome_analysis/data/transcriptome/trimmed/SRR6156067_scaffold_10.1.fastq.gz /home/girishp/genome_analysis/data/transcriptome/trimmed/SRR6156067_scaffold_10.2.fastq.gz --readFilesCommand zcat --outFileNamePrefix /home/girishp/genome_analysis/analyses/star_out/SRR6156067_STAR_ --outSAMtype BAM Unsorted
	STAR version: 2.7.9a   compiled: 2021-10-20T18:01:41+0200 rackham5.uppmax.uu.se:/sw/bioinfo/star/2.7.9a/src/STAR-2.7.9a/source
May 19 13:05:51 ..... started STAR run
May 19 13:05:51 ..... loading genome
May 19 13:05:52 ..... started 1st pass mapping
May 19 13:06:12 ..... finished 1st pass mapping
May 19 13:06:12 ..... inserting junctions into the genome indices
May 19 13:06:24 ..... started mapping
May 19 13:06:51 ..... finished mapping
May 19 13:06:51 ..... finished successfully
	STAR --runThreadN 8 --twopassMode Basic --genomeDir /home/girishp/genome_analysis/analyses/star/genome --readFilesIn /home/girishp/genome_analysis/data/transcriptome/trimmed/SRR6156069_scaffold_10.1.fastq.gz /home/girishp/genome_analysis/data/transcriptome/trimmed/SRR6156069_scaffold_10.2.fastq.gz --readFilesCommand zcat --outFileNamePrefix /home/girishp/genome_analysis/analyses/star_out/SRR6156069_STAR_ --outSAMtype BAM Unsorted
	STAR version: 2.7.9a   compiled: 2021-10-20T18:01:41+0200 rackham5.uppmax.uu.se:/sw/bioinfo/star/2.7.9a/src/STAR-2.7.9a/source
May 19 13:06:51 ..... started STAR run
May 19 13:06:51 ..... loading genome
May 19 13:06:53 ..... started 1st pass mapping
May 19 13:07:39 ..... finished 1st pass mapping
May 19 13:07:39 ..... inserting junctions into the genome indices
May 19 13:07:52 ..... started mapping
May 19 13:09:11 ..... finished mapping
May 19 13:09:11 ..... finished successfully

EXITING: because of fatal input ERROR: number of read mates files > 2: 4
SOLUTION:specify only one or two files in the --readFilesIn option. If file names contain spaces, use quotes: "file name"

May 19 13:09:11 ...... FATAL ERROR, exiting
/var/spool/slurmd/job6222449/slurm_script: line 52: 11613 Segmentation fault      (core dumped) STAR --runThreadN 8 --twopassMode Basic --genomeDir /home/girishp/genome_analysis/analyses/star/genome --readFilesIn /home/girishp/genome_analysis/analyses/trimmomatic_out/scaffold_10* --readFilesCommand zcat --outFileNamePrefix /home/girishp/genome_analysis/analyses/star_out/scaffold_untrimmed_STAR_ --outSAMtype BAM Unsorted
